#
# A fatal error has been detected by the Java Runtime Environment:
#
#  EXCEPTION_ACCESS_VIOLATION (0xc0000005) at pc=0x00007ffd3e41496c, pid=10840, tid=0x0000000000001f4c
#
# JRE version: Java(TM) SE Runtime Environment (8.0_101-b13) (build 1.8.0_101-b13)
# Java VM: Java HotSpot(TM) 64-Bit Server VM (25.101-b13 mixed mode windows-amd64 compressed oops)
# Problematic frame:
# C  [ig75icd64.dll+0xd496c]
#
# Failed to write core dump. Minidumps are not enabled by default on client versions of Windows
#
# If you would like to submit a bug report, please visit:
#   http://bugreport.java.com/bugreport/crash.jsp
# The crash happened outside the Java Virtual Machine in native code.
# See problematic frame for where to report the bug.
#

---------------  T H R E A D  ---------------

Current thread (0x00000000165e8800):  JavaThread "LWJGL Application" [_thread_in_native, id=8012, stack(0x00000000174b0000,0x00000000175b0000)]

siginfo: ExceptionCode=0xc0000005, reading address 0x0000000060d72000

Registers:
RAX=0x00000000000006a1, RBX=0x000000005c9e6390, RCX=0x0000000000000000, RDX=0x0000000060d71f90
RSP=0x00000000175abbd0, RBP=0x00000000175abd00, RSI=0x00000000006ae6c0, RDI=0x00000000641c5080
R8 =0x0000000000120fc8, R9 =0x000000000000241f, R10=0x00000000000006a1, R11=0x0000000000000000
R12=0x0000000000120fc8, R13=0x0000000064190000, R14=0x0000000000120fd4, R15=0x0000000000000008
RIP=0x00007ffd3e41496c, EFLAGS=0x0000000000010203

Top of Stack: (sp=0x00000000175abbd0)
0x00000000175abbd0:   0000000000000000 0000000000000000
0x00000000175abbe0:   80000000bf800000 0000000000000000
0x00000000175abbf0:   00000000175ac770 00007ffd3e567441
0x00000000175abc00:   000000005c9e6390 00000000006ae6c0
0x00000000175abc10:   00000000006ae6c0 0000000000060000
0x00000000175abc20:   000000001407c201 0000000000000000
0x00000000175abc30:   000000107a000003 00000000145be828
0x00000000175abc40:   0000000014171cc0 0000000000010000
0x00000000175abc50:   00000000588b0cf4 0000000000000000
0x00000000175abc60:   000000000000166c 00007ffd14527af8
0x00000000175abc70:   0000000114386788 00000000588b0cd8
0x00000000175abc80:   00007ffd00000000 0000000000000000
0x00000000175abc90:   000000000000001c 00000000006d3ed0
0x00000000175abca0:   00000000175ac770 000000001437f878
0x00000000175abcb0:   0000000000000000 00000000144ff568
0x00000000175abcc0:   0000000000000000 00007ffd14386768 

Instructions: (pc=0x00007ffd3e41496c)
0x00007ffd3e41494c:   6a 20 41 ff c2 48 83 ef 80 41 8b c2 66 0f 6f 62
0x00007ffd3e41495c:   30 66 0f 6f 5a 40 66 0f 6f 52 50 66 0f 6f 4a 60
0x00007ffd3e41496c:   66 0f 6f 42 70 66 0f e7 7f 80 48 83 ea 80 66 0f
0x00007ffd3e41497c:   e7 77 90 66 0f e7 6f a0 66 0f e7 67 b0 66 0f e7 


Register to memory mapping:

RAX=0x00000000000006a1 is an unknown value
RBX=0x000000005c9e6390 is an unknown value
RCX=0x0000000000000000 is an unknown value
RDX=0x0000000060d71f90 is an unknown value
RSP=0x00000000175abbd0 is pointing into the stack for thread: 0x00000000165e8800
RBP=0x00000000175abd00 is pointing into the stack for thread: 0x00000000165e8800
RSI=0x00000000006ae6c0 is an unknown value
RDI=0x00000000641c5080 is an unknown value
R8 =0x0000000000120fc8 is an unknown value
R9 =0x000000000000241f is an unknown value
R10=0x00000000000006a1 is an unknown value
R11=0x0000000000000000 is an unknown value
R12=0x0000000000120fc8 is an unknown value
R13=0x0000000064190000 is an unknown value
R14=0x0000000000120fd4 is an unknown value
R15=0x0000000000000008 is an unknown value


Stack: [0x00000000174b0000,0x00000000175b0000],  sp=0x00000000175abbd0,  free space=1006k
Native frames: (J=compiled Java code, j=interpreted, Vv=VM code, C=native code)
C  [ig75icd64.dll+0xd496c]
C  [ig75icd64.dll+0x227441]
C  [ig75icd64.dll+0x233745]
C  [ig75icd64.dll+0x303dbb]
C  [ig75icd64.dll+0x303b5e]
C  [ig75icd64.dll+0x307783]
C  [ig75icd64.dll+0x308af4]
C  [ig75icd64.dll+0x4d6ed4]
C  [ig75icd64.dll+0x4d7711]
C  0x000000000258d8dc

Java frames: (J=compiled Java code, j=interpreted, Vv=VM code)
J 524  org.lwjgl.opengl.GL11.nglDrawElements(IIIJJ)V (0 bytes) @ 0x000000000258d856 [0x000000000258d800+0x56]
J 1015 C2 com.badlogic.gdx.graphics.g2d.SpriteBatch.flush()V (246 bytes) @ 0x000000000276e03c [0x000000000276db20+0x51c]
J 1111 C2 com.badlogic.gdx.graphics.g2d.SpriteBatch.end()V (113 bytes) @ 0x00000000027b198c [0x00000000027b1940+0x4c]
J 1136 C1 com.yeste.juegoLluvia.JuegoLluvia.render(F)V (1042 bytes) @ 0x00000000027e3354 [0x00000000027dbc00+0x7754]
J 928 C1 com.yeste.juegoLluvia.Drop.render()V (5 bytes) @ 0x00000000026fe844 [0x00000000026fe620+0x224]
j  com.badlogic.gdx.backends.lwjgl.LwjglApplication.mainLoop()V+642
j  com.badlogic.gdx.backends.lwjgl.LwjglApplication$1.run()V+27
v  ~StubRoutines::call_stub

---------------  P R O C E S S  ---------------

Java Threads: ( => current thread )
  0x000000005ce39800 JavaThread "LWJGL Timer" daemon [_thread_blocked, id=11536, stack(0x000000005d5b0000,0x000000005d6b0000)]
  0x000000000223e000 JavaThread "DestroyJavaVM" [_thread_blocked, id=6680, stack(0x0000000002130000,0x0000000002230000)]
=>0x00000000165e8800 JavaThread "LWJGL Application" [_thread_in_native, id=8012, stack(0x00000000174b0000,0x00000000175b0000)]
  0x000000001497e800 JavaThread "Service Thread" daemon [_thread_blocked, id=2288, stack(0x0000000016680000,0x0000000016780000)]
  0x000000001492b000 JavaThread "C1 CompilerThread2" daemon [_thread_blocked, id=13092, stack(0x0000000016180000,0x0000000016280000)]
  0x0000000014924800 JavaThread "C2 CompilerThread1" daemon [_thread_blocked, id=12336, stack(0x0000000016080000,0x0000000016180000)]
  0x0000000014920000 JavaThread "C2 CompilerThread0" daemon [_thread_blocked, id=12484, stack(0x0000000015f80000,0x0000000016080000)]
  0x000000001491e000 JavaThread "Attach Listener" daemon [_thread_blocked, id=8880, stack(0x0000000015e80000,0x0000000015f80000)]
  0x000000001491d000 JavaThread "Signal Dispatcher" daemon [_thread_blocked, id=7596, stack(0x0000000015d80000,0x0000000015e80000)]
  0x000000001490a800 JavaThread "Finalizer" daemon [_thread_blocked, id=5012, stack(0x0000000015b70000,0x0000000015c70000)]
  0x0000000002331000 JavaThread "Reference Handler" daemon [_thread_blocked, id=12496, stack(0x0000000015a70000,0x0000000015b70000)]

Other Threads:
  0x00000000148e8000 VMThread [stack: 0x0000000015970000,0x0000000015a70000] [id=9472]
  0x00000000162c4800 WatcherThread [stack: 0x0000000016780000,0x0000000016880000] [id=8424]

VM state:not at safepoint (normal execution)

VM Mutex/Monitor currently owned by a thread: None

Heap:
 PSYoungGen      total 18944K, used 2031K [0x00000000eb380000, 0x00000000ec880000, 0x0000000100000000)
  eden space 16384K, 7% used [0x00000000eb380000,0x00000000eb4b8430,0x00000000ec380000)
  from space 2560K, 30% used [0x00000000ec600000,0x00000000ec6c38c0,0x00000000ec880000)
  to   space 2560K, 0% used [0x00000000ec380000,0x00000000ec380000,0x00000000ec600000)
 ParOldGen       total 44032K, used 1699K [0x00000000c1a00000, 0x00000000c4500000, 0x00000000eb380000)
  object space 44032K, 3% used [0x00000000c1a00000,0x00000000c1ba8fb8,0x00000000c4500000)
 Metaspace       used 7128K, capacity 7254K, committed 7424K, reserved 1056768K
  class space    used 676K, capacity 728K, committed 768K, reserved 1048576K

Card table byte_map: [0x0000000011700000,0x0000000011900000] byte_map_base: 0x00000000110f3000

Marking Bits: (ParMarkBitMap*) 0x0000000060c6a6d0
 Begin Bits: [0x0000000011e50000, 0x0000000012de8000)
 End Bits:   [0x0000000012de8000, 0x0000000013d80000)

Polling page: 0x00000000020b0000

CodeCache: size=245760Kb used=4754Kb max_used=4766Kb free=241005Kb
 bounds [0x0000000002340000, 0x00000000027f0000, 0x0000000011340000]
 total_blobs=1561 nmethods=1135 adapters=339
 compilation: enabled

Compilation events (10 events):
Event: 45.348 Thread 0x000000001492b000 1136       3       com.yeste.juegoLluvia.JuegoLluvia::render (1042 bytes)
Event: 45.357 Thread 0x000000001492b000 nmethod 1136 0x00000000027dadd0 code [0x00000000027dbc00, 0x00000000027e4b58]
Event: 45.449 Thread 0x0000000014924800 1137   !   4       org.lwjgl.input.Keyboard::isKeyDown (45 bytes)
Event: 45.450 Thread 0x0000000014924800 nmethod 1137 0x00000000027b6710 code [0x00000000027b6860, 0x00000000027b6af8]
Event: 45.598 Thread 0x0000000014920000 1138       4       java.util.ArrayList::clear (39 bytes)
Event: 45.599 Thread 0x0000000014920000 nmethod 1138 0x000000000279be10 code [0x000000000279bf40, 0x000000000279bff8]
Event: 45.748 Thread 0x0000000014924800 1139  s    4       org.lwjgl.opengl.EventQueue::copyEvents (77 bytes)
Event: 45.755 Thread 0x0000000014924800 nmethod 1139 0x00000000027eab10 code [0x00000000027eaca0, 0x00000000027eb658]
Event: 48.815 Thread 0x000000001492b000 1140       3       java.util.ArrayList$SubList$1::hasNext (20 bytes)
Event: 48.816 Thread 0x000000001492b000 nmethod 1140 0x00000000027aca10 code [0x00000000027acb60, 0x00000000027acd10]

GC Heap History (8 events):
Event: 6.557 GC heap before
{Heap before GC invocations=1 (full 0):
 PSYoungGen      total 18944K, used 15610K [0x00000000eb380000, 0x00000000ec880000, 0x0000000100000000)
  eden space 16384K, 95% used [0x00000000eb380000,0x00000000ec2beb58,0x00000000ec380000)
  from space 2560K, 0% used [0x00000000ec600000,0x00000000ec600000,0x00000000ec880000)
  to   space 2560K, 0% used [0x00000000ec380000,0x00000000ec380000,0x00000000ec600000)
 ParOldGen       total 44032K, used 0K [0x00000000c1a00000, 0x00000000c4500000, 0x00000000eb380000)
  object space 44032K, 0% used [0x00000000c1a00000,0x00000000c1a00000,0x00000000c4500000)
 Metaspace       used 5684K, capacity 6614K, committed 6784K, reserved 1056768K
  class space    used 529K, capacity 560K, committed 640K, reserved 1048576K
Event: 6.560 GC heap after
Heap after GC invocations=1 (full 0):
 PSYoungGen      total 18944K, used 2559K [0x00000000eb380000, 0x00000000ec880000, 0x0000000100000000)
  eden space 16384K, 0% used [0x00000000eb380000,0x00000000eb380000,0x00000000ec380000)
  from space 2560K, 99% used [0x00000000ec380000,0x00000000ec5ffc50,0x00000000ec600000)
  to   space 2560K, 0% used [0x00000000ec600000,0x00000000ec600000,0x00000000ec880000)
 ParOldGen       total 44032K, used 430K [0x00000000c1a00000, 0x00000000c4500000, 0x00000000eb380000)
  object space 44032K, 0% used [0x00000000c1a00000,0x00000000c1a6ba58,0x00000000c4500000)
 Metaspace       used 5684K, capacity 6614K, committed 6784K, reserved 1056768K
  class space    used 529K, capacity 560K, committed 640K, reserved 1048576K
}
Event: 15.581 GC heap before
{Heap before GC invocations=2 (full 0):
 PSYoungGen      total 18944K, used 18566K [0x00000000eb380000, 0x00000000ec880000, 0x0000000100000000)
  eden space 16384K, 97% used [0x00000000eb380000,0x00000000ec321d98,0x00000000ec380000)
  from space 2560K, 99% used [0x00000000ec380000,0x00000000ec5ffc50,0x00000000ec600000)
  to   space 2560K, 0% used [0x00000000ec600000,0x00000000ec600000,0x00000000ec880000)
 ParOldGen       total 44032K, used 430K [0x00000000c1a00000, 0x00000000c4500000, 0x00000000eb380000)
  object space 44032K, 0% used [0x00000000c1a00000,0x00000000c1a6ba58,0x00000000c4500000)
 Metaspace       used 7072K, capacity 7254K, committed 7424K, reserved 1056768K
  class space    used 676K, capacity 728K, committed 768K, reserved 1048576K
Event: 15.584 GC heap after
Heap after GC invocations=2 (full 0):
 PSYoungGen      total 18944K, used 2542K [0x00000000eb380000, 0x00000000ec880000, 0x0000000100000000)
  eden space 16384K, 0% used [0x00000000eb380000,0x00000000eb380000,0x00000000ec380000)
  from space 2560K, 99% used [0x00000000ec600000,0x00000000ec87b8c0,0x00000000ec880000)
  to   space 2560K, 0% used [0x00000000ec380000,0x00000000ec380000,0x00000000ec600000)
 ParOldGen       total 44032K, used 1683K [0x00000000c1a00000, 0x00000000c4500000, 0x00000000eb380000)
  object space 44032K, 3% used [0x00000000c1a00000,0x00000000c1ba4fb8,0x00000000c4500000)
 Metaspace       used 7072K, capacity 7254K, committed 7424K, reserved 1056768K
  class space    used 676K, capacity 728K, committed 768K, reserved 1048576K
}
Event: 31.415 GC heap before
{Heap before GC invocations=3 (full 0):
 PSYoungGen      total 18944K, used 18622K [0x00000000eb380000, 0x00000000ec880000, 0x0000000100000000)
  eden space 16384K, 98% used [0x00000000eb380000,0x00000000ec334028,0x00000000ec380000)
  from space 2560K, 99% used [0x00000000ec600000,0x00000000ec87b8c0,0x00000000ec880000)
  to   space 2560K, 0% used [0x00000000ec380000,0x00000000ec380000,0x00000000ec600000)
 ParOldGen       total 44032K, used 1683K [0x00000000c1a00000, 0x00000000c4500000, 0x00000000eb380000)
  object space 44032K, 3% used [0x00000000c1a00000,0x00000000c1ba4fb8,0x00000000c4500000)
 Metaspace       used 7110K, capacity 7254K, committed 7424K, reserved 1056768K
  class space    used 676K, capacity 728K, committed 768K, reserved 1048576K
Event: 31.417 GC heap after
Heap after GC invocations=3 (full 0):
 PSYoungGen      total 18944K, used 1134K [0x00000000eb380000, 0x00000000ec880000, 0x0000000100000000)
  eden space 16384K, 0% used [0x00000000eb380000,0x00000000eb380000,0x00000000ec380000)
  from space 2560K, 44% used [0x00000000ec380000,0x00000000ec49b8c0,0x00000000ec600000)
  to   space 2560K, 0% used [0x00000000ec600000,0x00000000ec600000,0x00000000ec880000)
 ParOldGen       total 44032K, used 1691K [0x00000000c1a00000, 0x00000000c4500000, 0x00000000eb380000)
  object space 44032K, 3% used [0x00000000c1a00000,0x00000000c1ba6fb8,0x00000000c4500000)
 Metaspace       used 7110K, capacity 7254K, committed 7424K, reserved 1056768K
  class space    used 676K, capacity 728K, committed 768K, reserved 1048576K
}
Event: 46.831 GC heap before
{Heap before GC invocations=4 (full 0):
 PSYoungGen      total 18944K, used 17518K [0x00000000eb380000, 0x00000000ec880000, 0x0000000100000000)
  eden space 16384K, 100% used [0x00000000eb380000,0x00000000ec380000,0x00000000ec380000)
  from space 2560K, 44% used [0x00000000ec380000,0x00000000ec49b8c0,0x00000000ec600000)
  to   space 2560K, 0% used [0x00000000ec600000,0x00000000ec600000,0x00000000ec880000)
 ParOldGen       total 44032K, used 1691K [0x00000000c1a00000, 0x00000000c4500000, 0x00000000eb380000)
  object space 44032K, 3% used [0x00000000c1a00000,0x00000000c1ba6fb8,0x00000000c4500000)
 Metaspace       used 7128K, capacity 7254K, committed 7424K, reserved 1056768K
  class space    used 676K, capacity 728K, committed 768K, reserved 1048576K
Event: 46.833 GC heap after
Heap after GC invocations=4 (full 0):
 PSYoungGen      total 18944K, used 782K [0x00000000eb380000, 0x00000000ec880000, 0x0000000100000000)
  eden space 16384K, 0% used [0x00000000eb380000,0x00000000eb380000,0x00000000ec380000)
  from space 2560K, 30% used [0x00000000ec600000,0x00000000ec6c38c0,0x00000000ec880000)
  to   space 2560K, 0% used [0x00000000ec380000,0x00000000ec380000,0x00000000ec600000)
 ParOldGen       total 44032K, used 1699K [0x00000000c1a00000, 0x00000000c4500000, 0x00000000eb380000)
  object space 44032K, 3% used [0x00000000c1a00000,0x00000000c1ba8fb8,0x00000000c4500000)
 Metaspace       used 7128K, capacity 7254K, committed 7424K, reserved 1056768K
  class space    used 676K, capacity 728K, committed 768K, reserved 1048576K
}

Deoptimization events (6 events):
Event: 6.641 Thread 0x00000000165e8800 Uncommon trap: reason=unstable_if action=reinterpret pc=0x000000000255dea8 method=java.lang.CharacterDataLatin1.digit(II)I @ 31
Event: 6.645 Thread 0x00000000165e8800 Uncommon trap: reason=unstable_if action=reinterpret pc=0x0000000002513378 method=java.lang.String.<init>([CII)V @ 18
Event: 6.683 Thread 0x00000000165e8800 Uncommon trap: reason=unstable_if action=reinterpret pc=0x000000000262de88 method=javazoom.jl.decoder.BitReserve.hgetbits(I)I @ 22
Event: 11.423 Thread 0x00000000165e8800 Uncommon trap: reason=unstable_if action=reinterpret pc=0x00000000025950f4 method=java.io.BufferedReader.readLine(Z)Ljava/lang/String; @ 153
Event: 15.589 Thread 0x00000000165e8800 Uncommon trap: reason=unstable_if action=reinterpret pc=0x00000000026c3190 method=javazoom.jl.decoder.LayerIIIDecoder.stereo(I)V @ 137
Event: 40.103 Thread 0x00000000165e8800 Uncommon trap: reason=unstable_if action=reinterpret pc=0x00000000027c4264 method=com.yeste.juegoLluvia.JuegoLluvia.render(F)V @ 870

Internal exceptions (10 events):
Event: 0.216 Thread 0x000000000223e000 Exception <a 'java/security/PrivilegedActionException'> (0x00000000eb5ec960) thrown at [C:\re\workspace\8-2-build-windows-amd64-cygwin\jdk8u101\7261\hotspot\src\share\vm\prims\jvm.cpp, line 1386]
Event: 0.216 Thread 0x000000000223e000 Exception <a 'java/security/PrivilegedActionException'> (0x00000000eb5edad0) thrown at [C:\re\workspace\8-2-build-windows-amd64-cygwin\jdk8u101\7261\hotspot\src\share\vm\prims\jvm.cpp, line 1386]
Event: 0.216 Thread 0x000000000223e000 Exception <a 'java/security/PrivilegedActionException'> (0x00000000eb5f2f28) thrown at [C:\re\workspace\8-2-build-windows-amd64-cygwin\jdk8u101\7261\hotspot\src\share\vm\prims\jvm.cpp, line 1386]
Event: 0.216 Thread 0x000000000223e000 Exception <a 'java/security/PrivilegedActionException'> (0x00000000eb5f3b80) thrown at [C:\re\workspace\8-2-build-windows-amd64-cygwin\jdk8u101\7261\hotspot\src\share\vm\prims\jvm.cpp, line 1386]
Event: 0.216 Thread 0x000000000223e000 Exception <a 'java/security/PrivilegedActionException'> (0x00000000eb5f47a8) thrown at [C:\re\workspace\8-2-build-windows-amd64-cygwin\jdk8u101\7261\hotspot\src\share\vm\prims\jvm.cpp, line 1386]
Event: 0.217 Thread 0x000000000223e000 Exception <a 'java/security/PrivilegedActionException'> (0x00000000eb5ff2e0) thrown at [C:\re\workspace\8-2-build-windows-amd64-cygwin\jdk8u101\7261\hotspot\src\share\vm\prims\jvm.cpp, line 1386]
Event: 0.217 Thread 0x000000000223e000 Exception <a 'java/security/PrivilegedActionException'> (0x00000000eb5fff38) thrown at [C:\re\workspace\8-2-build-windows-amd64-cygwin\jdk8u101\7261\hotspot\src\share\vm\prims\jvm.cpp, line 1386]
Event: 0.217 Thread 0x000000000223e000 Exception <a 'java/security/PrivilegedActionException'> (0x00000000eb600b60) thrown at [C:\re\workspace\8-2-build-windows-amd64-cygwin\jdk8u101\7261\hotspot\src\share\vm\prims\jvm.cpp, line 1386]
Event: 6.624 Thread 0x00000000165e8800 Exception <a 'java/lang/NoSuchFieldError': method resolution failed> (0x00000000eb9e0f98) thrown at [C:\re\workspace\8-2-build-windows-amd64-cygwin\jdk8u101\7261\hotspot\src\share\vm\prims\methodHandles.cpp, line 1146]
Event: 6.626 Thread 0x00000000165e8800 Exception <a 'java/lang/NoSuchFieldError': method resolution failed> (0x00000000eb9ee658) thrown at [C:\re\workspace\8-2-build-windows-amd64-cygwin\jdk8u101\7261\hotspot\src\share\vm\prims\methodHandles.cpp, line 1146]

Events (10 events):
Event: 46.834 Executing VM operation: RevokeBias
Event: 46.834 Executing VM operation: RevokeBias done
Event: 46.834 Executing VM operation: RevokeBias
Event: 46.834 Executing VM operation: RevokeBias done
Event: 46.834 Executing VM operation: RevokeBias
Event: 46.835 Executing VM operation: RevokeBias done
Event: 46.835 Executing VM operation: RevokeBias
Event: 46.835 Executing VM operation: RevokeBias done
Event: 46.835 Executing VM operation: RevokeBias
Event: 46.835 Executing VM operation: RevokeBias done


Dynamic libraries:
0x00007ff72af60000 - 0x00007ff72af97000 	C:\Program Files\Java\jre1.8.0_101\bin\javaw.exe
0x00007ffd6e290000 - 0x00007ffd6e461000 	C:\WINDOWS\SYSTEM32\ntdll.dll
0x00007ffd6dc70000 - 0x00007ffd6dd1b000 	C:\WINDOWS\System32\KERNEL32.DLL
0x00007ffd6aa70000 - 0x00007ffd6ac8d000 	C:\WINDOWS\System32\KERNELBASE.dll
0x00007ffd6db10000 - 0x00007ffd6dbb2000 	C:\WINDOWS\System32\ADVAPI32.dll
0x00007ffd6e020000 - 0x00007ffd6e0be000 	C:\WINDOWS\System32\msvcrt.dll
0x00007ffd6c430000 - 0x00007ffd6c489000 	C:\WINDOWS\System32\sechost.dll
0x00007ffd6bc10000 - 0x00007ffd6bd31000 	C:\WINDOWS\System32\RPCRT4.dll
0x00007ffd6dd40000 - 0x00007ffd6dea5000 	C:\WINDOWS\System32\USER32.dll
0x00007ffd6a880000 - 0x00007ffd6a89e000 	C:\WINDOWS\System32\win32u.dll
0x00007ffd6dc30000 - 0x00007ffd6dc64000 	C:\WINDOWS\System32\GDI32.dll
0x00007ffd6ada0000 - 0x00007ffd6af22000 	C:\WINDOWS\System32\gdi32full.dll
0x00007ffd62680000 - 0x00007ffd628f9000 	C:\WINDOWS\WinSxS\amd64_microsoft.windows.common-controls_6595b64144ccf1df_6.0.14393.447_none_42191651c6827bb3\COMCTL32.dll
0x00007ffd6b8e0000 - 0x00007ffd6bba8000 	C:\WINDOWS\System32\combase.dll
0x00007ffd6a780000 - 0x00007ffd6a875000 	C:\WINDOWS\System32\ucrtbase.dll
0x00007ffd6ac90000 - 0x00007ffd6acfa000 	C:\WINDOWS\System32\bcryptPrimitives.dll
0x00007ffd6e260000 - 0x00007ffd6e28e000 	C:\WINDOWS\System32\IMM32.DLL
0x0000000062460000 - 0x0000000062532000 	C:\Program Files\Java\jre1.8.0_101\bin\msvcr100.dll
0x0000000060450000 - 0x0000000060cea000 	C:\Program Files\Java\jre1.8.0_101\bin\server\jvm.dll
0x00007ffd6c5f0000 - 0x00007ffd6c5f8000 	C:\WINDOWS\System32\PSAPI.DLL
0x00007ffd58780000 - 0x00007ffd58789000 	C:\WINDOWS\SYSTEM32\WSOCK32.dll
0x00007ffd68640000 - 0x00007ffd68663000 	C:\WINDOWS\SYSTEM32\WINMM.dll
0x00007ffd6dbc0000 - 0x00007ffd6dc2a000 	C:\WINDOWS\System32\WS2_32.dll
0x00007ffd631a0000 - 0x00007ffd631aa000 	C:\WINDOWS\SYSTEM32\VERSION.dll
0x00007ffd685e0000 - 0x00007ffd6860b000 	C:\WINDOWS\SYSTEM32\WINMMBASE.dll
0x00007ffd6afe0000 - 0x00007ffd6b022000 	C:\WINDOWS\System32\cfgmgr32.dll
0x0000000061b80000 - 0x0000000061b8f000 	C:\Program Files\Java\jre1.8.0_101\bin\verify.dll
0x0000000061b50000 - 0x0000000061b79000 	C:\Program Files\Java\jre1.8.0_101\bin\java.dll
0x0000000061b30000 - 0x0000000061b46000 	C:\Program Files\Java\jre1.8.0_101\bin\zip.dll
0x00007ffd6c600000 - 0x00007ffd6db09000 	C:\WINDOWS\System32\SHELL32.dll
0x00007ffd6b0e0000 - 0x00007ffd6b7ba000 	C:\WINDOWS\System32\windows.storage.dll
0x00007ffd6a710000 - 0x00007ffd6a75c000 	C:\WINDOWS\System32\powrprof.dll
0x00007ffd6deb0000 - 0x00007ffd6df02000 	C:\WINDOWS\System32\shlwapi.dll
0x00007ffd6a770000 - 0x00007ffd6a77f000 	C:\WINDOWS\System32\kernel.appcore.dll
0x00007ffd6af30000 - 0x00007ffd6afd9000 	C:\WINDOWS\System32\shcore.dll
0x00007ffd6a6f0000 - 0x00007ffd6a704000 	C:\WINDOWS\System32\profapi.dll
0x0000000065580000 - 0x0000000065610000 	C:\Users\troya\AppData\Local\Temp\libgdxtroya\5498721d\gdx64.dll
0x0000000180000000 - 0x0000000180050000 	C:\Users\troya\AppData\Local\Temp\libgdxtroya\4c88a7c1\lwjgl64.dll
0x00007ffd555f0000 - 0x00007ffd55713000 	C:\WINDOWS\SYSTEM32\OPENGL32.dll
0x00007ffd62be0000 - 0x00007ffd62c0d000 	C:\WINDOWS\SYSTEM32\GLU32.dll
0x00007ffd480e0000 - 0x00007ffd481d7000 	C:\WINDOWS\SYSTEM32\DDRAW.dll
0x00007ffd62a40000 - 0x00007ffd62a48000 	C:\WINDOWS\SYSTEM32\DCIMAN32.dll
0x00000000169a0000 - 0x0000000016a04000 	C:\Users\troya\AppData\Local\Temp\libgdxtroya\4c88a7c1\OpenAL64.dll
0x00007ffd6c190000 - 0x00007ffd6c2c7000 	C:\WINDOWS\System32\ole32.dll
0x00007ffd68d80000 - 0x00007ffd68e15000 	C:\WINDOWS\system32\uxtheme.dll
0x00007ffd6df80000 - 0x00007ffd6e01f000 	C:\WINDOWS\System32\clbcatq.dll
0x00007ffd683c0000 - 0x00007ffd68545000 	C:\WINDOWS\System32\PROPSYS.dll
0x00007ffd6b820000 - 0x00007ffd6b8df000 	C:\WINDOWS\System32\OLEAUT32.dll
0x00007ffd6ad00000 - 0x00007ffd6ad9c000 	C:\WINDOWS\System32\msvcp_win.dll
0x00007ffd53760000 - 0x00007ffd537fb000 	C:\WINDOWS\SYSTEM32\dsound.dll
0x00007ffd62d00000 - 0x00007ffd62d71000 	C:\WINDOWS\System32\MMDevApi.dll
0x00007ffd69380000 - 0x00007ffd693a8000 	C:\WINDOWS\System32\DEVOBJ.dll
0x00007ffd5afe0000 - 0x00007ffd5b074000 	C:\WINDOWS\SYSTEM32\AUDIOSES.DLL
0x00007ffd674a0000 - 0x00007ffd675d6000 	C:\WINDOWS\SYSTEM32\wintypes.dll
0x00007ffd6c2d0000 - 0x00007ffd6c42b000 	C:\WINDOWS\System32\MSCTF.dll
0x00007ffd68390000 - 0x00007ffd683b6000 	C:\WINDOWS\system32\dwmapi.dll
0x00007ffd3e340000 - 0x00007ffd3ee86000 	C:\WINDOWS\SYSTEM32\ig75icd64.dll
0x00007ffd65ea0000 - 0x00007ffd668e0000 	C:\WINDOWS\SYSTEM32\igdusc64.dll
0x00007ffd64550000 - 0x00007ffd64563000 	C:\WINDOWS\SYSTEM32\WTSAPI32.dll
0x00007ffd62900000 - 0x00007ffd62991000 	C:\WINDOWS\SYSTEM32\mscms.dll
0x00007ffd69ea0000 - 0x00007ffd69ebf000 	C:\WINDOWS\SYSTEM32\USERENV.dll
0x00007ffd4d7b0000 - 0x00007ffd4d7f2000 	C:\WINDOWS\SYSTEM32\icm32.dll
0x00007ffd59120000 - 0x00007ffd592b2000 	C:\WINDOWS\SYSTEM32\dbghelp.dll

VM Arguments:
jvm_args: -Dfile.encoding=Cp1252 
java_command: com.yeste.juegoLluvia.Main
java_class_path (initial): C:\Users\troya\Documents\LibGDX\JuegoLluvia\JuegoLluvia-desktop\bin;C:\Users\troya\Documents\LibGDX\JuegoLluvia\JuegoLluvia\bin;C:\Users\troya\Documents\LibGDX\JuegoLluvia\JuegoLluvia\libs\gdx.jar;C:\Users\troya\Documents\LibGDX\JuegoLluvia\JuegoLluvia-desktop\libs\gdx-backend-lwjgl.jar;C:\Users\troya\Documents\LibGDX\JuegoLluvia\JuegoLluvia-desktop\libs\gdx-backend-lwjgl-natives.jar;C:\Users\troya\Documents\LibGDX\JuegoLluvia\JuegoLluvia-desktop\libs\gdx-natives.jar
Launcher Type: SUN_STANDARD

Environment Variables:
USERNAME=troya
OS=Windows_NT
PROCESSOR_IDENTIFIER=Intel64 Family 6 Model 69 Stepping 1, GenuineIntel



---------------  S Y S T E M  ---------------

OS: Windows 10.0 , 64 bit Build 14393 (10.0.14393.0)

CPU:total 4 (2 cores per cpu, 2 threads per core) family 6 model 69 stepping 1, cmov, cx8, fxsr, mmx, sse, sse2, sse3, ssse3, sse4.1, sse4.2, popcnt, avx, avx2, aes, clmul, erms, lzcnt, ht, tsc, tscinvbit, bmi1, bmi2

Memory: 4k page, physical 4083992k(844984k free), swap 8317784k(1372128k free)

vm_info: Java HotSpot(TM) 64-Bit Server VM (25.101-b13) for windows-amd64 JRE (1.8.0_101-b13), built on Jun 22 2016 01:21:29 by "java_re" with MS VC++ 10.0 (VS2010)

time: Sun Feb 12 16:48:34 2017
elapsed time: 49 seconds (0d 0h 0m 49s)

