#
# A fatal error has been detected by the Java Runtime Environment:
#
#  EXCEPTION_ACCESS_VIOLATION (0xc0000005) at pc=0x00007ffd3e414260, pid=2292, tid=0x0000000000000764
#
# JRE version: Java(TM) SE Runtime Environment (8.0_101-b13) (build 1.8.0_101-b13)
# Java VM: Java HotSpot(TM) 64-Bit Server VM (25.101-b13 mixed mode windows-amd64 compressed oops)
# Problematic frame:
# C  [ig75icd64.dll+0xd4260]
#
# Failed to write core dump. Minidumps are not enabled by default on client versions of Windows
#
# If you would like to submit a bug report, please visit:
#   http://bugreport.java.com/bugreport/crash.jsp
# The crash happened outside the Java Virtual Machine in native code.
# See problematic frame for where to report the bug.
#

---------------  T H R E A D  ---------------

Current thread (0x0000000017092000):  JavaThread "LWJGL Application" [_thread_in_native, id=1892, stack(0x0000000017d80000,0x0000000017e80000)]

siginfo: ExceptionCode=0xc0000005, reading address 0x000000005de058a0

Registers:
RAX=0x0000000000000002, RBX=0x000000000000ffff, RCX=0x0000000000000001, RDX=0x000000005de058a0
RSP=0x0000000017e7e828, RBP=0x0000000000060000, RSI=0x0000000017e7e8a0, RDI=0x0000000000000000
R8 =0x0000000000000024, R9 =0x0000000000000000, R10=0x000000005bc141d8, R11=0x0000000000000002
R12=0x0000000000000024, R13=0x0000000100043988, R14=0x0000000000f82340, R15=0x0000000058dd54b0
RIP=0x00007ffd3e414260, EFLAGS=0x0000000000010203

Top of Stack: (sp=0x0000000017e7e828)
0x0000000017e7e828:   00007ffd3e416ba6 000000005bc141d8
0x0000000017e7e838:   0000000058db0080 0000000000000006
0x0000000017e7e848:   0000000017092000 0000000017e7e8b0
0x0000000017e7e858:   000401024a150004 0000000058db0080
0x0000000017e7e868:   00007ffd3e647bb2 0000000000001403
0x0000000017e7e878:   0000000000000000 0000000000000004
0x0000000017e7e888:   0000000000000012 0000000000000000
0x0000000017e7e898:   00007ffd3e6476f6 0000000017e7ed70
0x0000000017e7e8a8:   0000000058db0080 000084e3c174eb10
0x0000000017e7e8b8:   0000000000000004 0000000000000001
0x0000000017e7e8c8:   00007ffd3e648af4 0000000058db0080
0x0000000017e7e8d8:   0000000000000012 0000000000000000
0x0000000017e7e8e8:   0000000000000001 0000000000000002
0x0000000017e7e8f8:   0000000000000004 0000000058db0080
0x0000000017e7e908:   00007ffd3e816ed4 0000000000000012
0x0000000017e7e918:   0000000000000001 0000000000001403 

Instructions: (pc=0x00007ffd3e414260)
0x00007ffd3e414240:   cb 48 c1 e9 04 48 6b c1 f0 4c 03 d8 0f 1f 40 00
0x00007ffd3e414250:   0f 18 42 40 b8 02 00 00 00 0f 1f 80 00 00 00 00
0x00007ffd3e414260:   66 0f 6f 02 48 83 c2 10 49 83 c2 10 f3 41 0f 7f
0x00007ffd3e414270:   42 f0 66 0f f9 c3 66 0f ea c8 66 0f ee d0 48 ff 


Register to memory mapping:

RAX=0x0000000000000002 is an unknown value
RBX=0x000000000000ffff is an unknown value
RCX=0x0000000000000001 is an unknown value
RDX=0x000000005de058a0 is an unknown value
RSP=0x0000000017e7e828 is pointing into the stack for thread: 0x0000000017092000
RBP=0x0000000000060000 is an unknown value
RSI=0x0000000017e7e8a0 is pointing into the stack for thread: 0x0000000017092000
RDI=0x0000000000000000 is an unknown value
R8 =0x0000000000000024 is an unknown value
R9 =0x0000000000000000 is an unknown value
R10=0x000000005bc141d8 is an unknown value
R11=0x0000000000000002 is an unknown value
R12=0x0000000000000024 is an unknown value
R13=0x0000000100043988 is pointing into metadata
R14=0x0000000000f82340 is an unknown value
R15=0x0000000058dd54b0 is an unknown value


Stack: [0x0000000017d80000,0x0000000017e80000],  sp=0x0000000017e7e828,  free space=1018k
Native frames: (J=compiled Java code, j=interpreted, Vv=VM code, C=native code)
C  [ig75icd64.dll+0xd4260]
C  [ig75icd64.dll+0xd6ba6]
C  [ig75icd64.dll+0x3076f6]
C  [ig75icd64.dll+0x308af4]
C  [ig75icd64.dll+0x4d6ed4]
C  [ig75icd64.dll+0x4d7711]
C  0x00000000030a361c

Java frames: (J=compiled Java code, j=interpreted, Vv=VM code)
J 743  org.lwjgl.opengl.GL11.nglDrawElements(IIIJJ)V (0 bytes) @ 0x00000000030a3596 [0x00000000030a3540+0x56]
J 740 C1 org.lwjgl.opengl.GL11.glDrawElements(ILjava/nio/ShortBuffer;)V (38 bytes) @ 0x00000000030a2554 [0x00000000030a1d00+0x854]
J 739 C1 com.badlogic.gdx.backends.lwjgl.LwjglGL10.glDrawElements(IIILjava/nio/Buffer;)V (124 bytes) @ 0x00000000030a0d9c [0x00000000030a0020+0xd7c]
J 462 C1 com.badlogic.gdx.graphics.Mesh.render(IIIZ)V (195 bytes) @ 0x0000000002faf324 [0x0000000002faeb80+0x7a4]
J 428 C1 com.badlogic.gdx.graphics.g2d.SpriteBatch.flush()V (246 bytes) @ 0x0000000002f91af4 [0x0000000002f8ff60+0x1b94]
J 763 C1 com.badlogic.gdx.graphics.g2d.SpriteBatch.end()V (113 bytes) @ 0x00000000030b9074 [0x00000000030b8f60+0x114]
J 850 C1 com.yeste.juegoLluvia.JuegoLluvia.render(F)V (1005 bytes) @ 0x0000000003123a44 [0x000000000311c3c0+0x7684]
J 910 C1 com.yeste.juegoLluvia.Drop.render()V (5 bytes) @ 0x0000000003155504 [0x00000000031552e0+0x224]
j  com.badlogic.gdx.backends.lwjgl.LwjglApplication.mainLoop()V+642
j  com.badlogic.gdx.backends.lwjgl.LwjglApplication$1.run()V+27
v  ~StubRoutines::call_stub

---------------  P R O C E S S  ---------------

Java Threads: ( => current thread )
  0x000000005d62e000 JavaThread "LWJGL Timer" daemon [_thread_blocked, id=5540, stack(0x000000005dfb0000,0x000000005e0b0000)]
  0x000000000138e000 JavaThread "DestroyJavaVM" [_thread_blocked, id=12680, stack(0x0000000002ae0000,0x0000000002be0000)]
=>0x0000000017092000 JavaThread "LWJGL Application" [_thread_in_native, id=1892, stack(0x0000000017d80000,0x0000000017e80000)]
  0x00000000153ce800 JavaThread "Service Thread" daemon [_thread_blocked, id=12412, stack(0x0000000017100000,0x0000000017200000)]
  0x0000000015381000 JavaThread "C1 CompilerThread2" daemon [_thread_blocked, id=12608, stack(0x0000000016c00000,0x0000000016d00000)]
  0x0000000015374800 JavaThread "C2 CompilerThread1" daemon [_thread_blocked, id=7304, stack(0x0000000016b00000,0x0000000016c00000)]
  0x0000000015370800 JavaThread "C2 CompilerThread0" daemon [_thread_blocked, id=12532, stack(0x0000000016a00000,0x0000000016b00000)]
  0x000000001536e800 JavaThread "Attach Listener" daemon [_thread_blocked, id=9880, stack(0x0000000016900000,0x0000000016a00000)]
  0x000000001536d000 JavaThread "Signal Dispatcher" daemon [_thread_blocked, id=12584, stack(0x0000000016800000,0x0000000016900000)]
  0x000000001535a800 JavaThread "Finalizer" daemon [_thread_blocked, id=10484, stack(0x00000000165f0000,0x00000000166f0000)]
  0x0000000002d80000 JavaThread "Reference Handler" daemon [_thread_blocked, id=6264, stack(0x00000000164f0000,0x00000000165f0000)]

Other Threads:
  0x0000000015338000 VMThread [stack: 0x00000000163f0000,0x00000000164f0000] [id=12208]
  0x0000000016d5c800 WatcherThread [stack: 0x0000000017200000,0x0000000017300000] [id=10836]

VM state:not at safepoint (normal execution)

VM Mutex/Monitor currently owned by a thread: None

Heap:
 PSYoungGen      total 18944K, used 6786K [0x00000000eb380000, 0x00000000ec880000, 0x0000000100000000)
  eden space 16384K, 26% used [0x00000000eb380000,0x00000000eb7afc08,0x00000000ec380000)
  from space 2560K, 97% used [0x00000000ec380000,0x00000000ec5f0cc0,0x00000000ec600000)
  to   space 2560K, 0% used [0x00000000ec600000,0x00000000ec600000,0x00000000ec880000)
 ParOldGen       total 44032K, used 8K [0x00000000c1a00000, 0x00000000c4500000, 0x00000000eb380000)
  object space 44032K, 0% used [0x00000000c1a00000,0x00000000c1a02000,0x00000000c4500000)
 Metaspace       used 6985K, capacity 7110K, committed 7168K, reserved 1056768K
  class space    used 674K, capacity 728K, committed 768K, reserved 1048576K

Card table byte_map: [0x0000000012150000,0x0000000012350000] byte_map_base: 0x0000000011b43000

Marking Bits: (ParMarkBitMap*) 0x0000000060c6a6d0
 Begin Bits: [0x00000000128a0000, 0x0000000013838000)
 End Bits:   [0x0000000013838000, 0x00000000147d0000)

Polling page: 0x0000000000df0000

CodeCache: size=245760Kb used=3953Kb max_used=3969Kb free=241806Kb
 bounds [0x0000000002d90000, 0x0000000003180000, 0x0000000011d90000]
 total_blobs=1355 nmethods=929 adapters=339
 compilation: enabled

Compilation events (10 events):
Event: 11.333 Thread 0x0000000015374800 nmethod 924 0x00000000031453d0 code [0x0000000003145500, 0x0000000003145598]
Event: 11.382 Thread 0x0000000015381000  925       3       javazoom.jl.decoder.LayerIIIDecoder::get_side_info (1654 bytes)
Event: 11.385 Thread 0x0000000015381000 nmethod 925 0x000000000315ec50 code [0x000000000315f4a0, 0x0000000003163d48]
Event: 11.715 Thread 0x0000000015370800  926       4       sun.misc.MetaIndex::mayContain (51 bytes)
Event: 11.715 Thread 0x0000000015381000  927       3       java.io.WinNTFileSystem::normalize (231 bytes)
Event: 11.719 Thread 0x0000000015381000 nmethod 927 0x0000000003168fd0 code [0x00000000031693c0, 0x000000000316c7c8]
Event: 11.721 Thread 0x0000000015370800 nmethod 926 0x0000000003156510 code [0x0000000003156660, 0x0000000003156938]
Event: 11.736 Thread 0x0000000015374800  928 % !   4       java.io.BufferedReader::readLine @ 131 (304 bytes)
Event: 11.736 Thread 0x0000000015370800  929       4       java.lang.CharacterDataLatin1::digit (91 bytes)
Event: 11.737 Thread 0x0000000015370800 nmethod 929 0x000000000316e9d0 code [0x000000000316eb20, 0x000000000316ec38]

GC Heap History (2 events):
Event: 2.292 GC heap before
{Heap before GC invocations=1 (full 0):
 PSYoungGen      total 18944K, used 16384K [0x00000000eb380000, 0x00000000ec880000, 0x0000000100000000)
  eden space 16384K, 100% used [0x00000000eb380000,0x00000000ec380000,0x00000000ec380000)
  from space 2560K, 0% used [0x00000000ec600000,0x00000000ec600000,0x00000000ec880000)
  to   space 2560K, 0% used [0x00000000ec380000,0x00000000ec380000,0x00000000ec600000)
 ParOldGen       total 44032K, used 0K [0x00000000c1a00000, 0x00000000c4500000, 0x00000000eb380000)
  object space 44032K, 0% used [0x00000000c1a00000,0x00000000c1a00000,0x00000000c4500000)
 Metaspace       used 5626K, capacity 6646K, committed 6784K, reserved 1056768K
  class space    used 536K, capacity 592K, committed 640K, reserved 1048576K
Event: 2.294 GC heap after
Heap after GC invocations=1 (full 0):
 PSYoungGen      total 18944K, used 2499K [0x00000000eb380000, 0x00000000ec880000, 0x0000000100000000)
  eden space 16384K, 0% used [0x00000000eb380000,0x00000000eb380000,0x00000000ec380000)
  from space 2560K, 97% used [0x00000000ec380000,0x00000000ec5f0cc0,0x00000000ec600000)
  to   space 2560K, 0% used [0x00000000ec600000,0x00000000ec600000,0x00000000ec880000)
 ParOldGen       total 44032K, used 8K [0x00000000c1a00000, 0x00000000c4500000, 0x00000000eb380000)
  object space 44032K, 0% used [0x00000000c1a00000,0x00000000c1a02000,0x00000000c4500000)
 Metaspace       used 5626K, capacity 6646K, committed 6784K, reserved 1056768K
  class space    used 536K, capacity 592K, committed 640K, reserved 1048576K
}

Deoptimization events (2 events):
Event: 2.368 Thread 0x0000000017092000 Uncommon trap: reason=unstable_if action=reinterpret pc=0x0000000002f64db8 method=java.lang.String.<init>([CII)V @ 18
Event: 2.400 Thread 0x0000000017092000 Uncommon trap: reason=unstable_if action=reinterpret pc=0x00000000030206c8 method=javazoom.jl.decoder.BitReserve.hgetbits(I)I @ 22

Internal exceptions (10 events):
Event: 0.161 Thread 0x000000000138e000 Exception <a 'java/security/PrivilegedActionException'> (0x00000000eb5ec840) thrown at [C:\re\workspace\8-2-build-windows-amd64-cygwin\jdk8u101\7261\hotspot\src\share\vm\prims\jvm.cpp, line 1386]
Event: 0.161 Thread 0x000000000138e000 Exception <a 'java/security/PrivilegedActionException'> (0x00000000eb5ed9b0) thrown at [C:\re\workspace\8-2-build-windows-amd64-cygwin\jdk8u101\7261\hotspot\src\share\vm\prims\jvm.cpp, line 1386]
Event: 0.162 Thread 0x000000000138e000 Exception <a 'java/security/PrivilegedActionException'> (0x00000000eb5f2e08) thrown at [C:\re\workspace\8-2-build-windows-amd64-cygwin\jdk8u101\7261\hotspot\src\share\vm\prims\jvm.cpp, line 1386]
Event: 0.162 Thread 0x000000000138e000 Exception <a 'java/security/PrivilegedActionException'> (0x00000000eb5f3a60) thrown at [C:\re\workspace\8-2-build-windows-amd64-cygwin\jdk8u101\7261\hotspot\src\share\vm\prims\jvm.cpp, line 1386]
Event: 0.162 Thread 0x000000000138e000 Exception <a 'java/security/PrivilegedActionException'> (0x00000000eb5f4688) thrown at [C:\re\workspace\8-2-build-windows-amd64-cygwin\jdk8u101\7261\hotspot\src\share\vm\prims\jvm.cpp, line 1386]
Event: 0.162 Thread 0x000000000138e000 Exception <a 'java/security/PrivilegedActionException'> (0x00000000eb5ff1c0) thrown at [C:\re\workspace\8-2-build-windows-amd64-cygwin\jdk8u101\7261\hotspot\src\share\vm\prims\jvm.cpp, line 1386]
Event: 0.162 Thread 0x000000000138e000 Exception <a 'java/security/PrivilegedActionException'> (0x00000000eb5ffe18) thrown at [C:\re\workspace\8-2-build-windows-amd64-cygwin\jdk8u101\7261\hotspot\src\share\vm\prims\jvm.cpp, line 1386]
Event: 0.162 Thread 0x000000000138e000 Exception <a 'java/security/PrivilegedActionException'> (0x00000000eb600a40) thrown at [C:\re\workspace\8-2-build-windows-amd64-cygwin\jdk8u101\7261\hotspot\src\share\vm\prims\jvm.cpp, line 1386]
Event: 2.347 Thread 0x0000000017092000 Exception <a 'java/lang/NoSuchFieldError': method resolution failed> (0x00000000eb4cb1f8) thrown at [C:\re\workspace\8-2-build-windows-amd64-cygwin\jdk8u101\7261\hotspot\src\share\vm\prims\methodHandles.cpp, line 1146]
Event: 2.349 Thread 0x0000000017092000 Exception <a 'java/lang/NoSuchFieldError': method resolution failed> (0x00000000eb4d8908) thrown at [C:\re\workspace\8-2-build-windows-amd64-cygwin\jdk8u101\7261\hotspot\src\share\vm\prims\methodHandles.cpp, line 1146]

Events (10 events):
Event: 3.594 Thread 0x0000000017092000 DEOPT PACKING pc=0x0000000003071e43 sp=0x0000000017e7ef50
Event: 3.594 Thread 0x0000000017092000 DEOPT UNPACKING pc=0x0000000002dd787f sp=0x0000000017e7ec80 mode 0
Event: 3.594 Thread 0x0000000017092000 DEOPT PACKING pc=0x0000000003047ca2 sp=0x0000000017e7ee60
Event: 3.594 Thread 0x0000000017092000 DEOPT UNPACKING pc=0x0000000002dd787f sp=0x0000000017e7eb98 mode 0
Event: 4.095 Executing VM operation: EnableBiasedLocking
Event: 4.095 Executing VM operation: EnableBiasedLocking done
Event: 4.188 Thread 0x0000000017092000 DEOPT PACKING pc=0x000000000308245a sp=0x0000000017e7eed0
Event: 4.188 Thread 0x0000000017092000 DEOPT UNPACKING pc=0x0000000002dd787f sp=0x0000000017e7ec00 mode 0
Event: 4.191 Thread 0x0000000017092000 DEOPT PACKING pc=0x000000000308245a sp=0x0000000017e7eed0
Event: 4.191 Thread 0x0000000017092000 DEOPT UNPACKING pc=0x0000000002dd787f sp=0x0000000017e7ec00 mode 0


Dynamic libraries:
0x00007ff77cad0000 - 0x00007ff77cb07000 	C:\Program Files\Java\jre1.8.0_101\bin\javaw.exe
0x00007ffd6e290000 - 0x00007ffd6e461000 	C:\WINDOWS\SYSTEM32\ntdll.dll
0x00007ffd6dc70000 - 0x00007ffd6dd1b000 	C:\WINDOWS\System32\KERNEL32.DLL
0x00007ffd6aa70000 - 0x00007ffd6ac8d000 	C:\WINDOWS\System32\KERNELBASE.dll
0x00007ffd6db10000 - 0x00007ffd6dbb2000 	C:\WINDOWS\System32\ADVAPI32.dll
0x00007ffd6e020000 - 0x00007ffd6e0be000 	C:\WINDOWS\System32\msvcrt.dll
0x00007ffd6c430000 - 0x00007ffd6c489000 	C:\WINDOWS\System32\sechost.dll
0x00007ffd6bc10000 - 0x00007ffd6bd31000 	C:\WINDOWS\System32\RPCRT4.dll
0x00007ffd6dd40000 - 0x00007ffd6dea5000 	C:\WINDOWS\System32\USER32.dll
0x00007ffd6a880000 - 0x00007ffd6a89e000 	C:\WINDOWS\System32\win32u.dll
0x00007ffd6dc30000 - 0x00007ffd6dc64000 	C:\WINDOWS\System32\GDI32.dll
0x00007ffd6ada0000 - 0x00007ffd6af22000 	C:\WINDOWS\System32\gdi32full.dll
0x00007ffd62680000 - 0x00007ffd628f9000 	C:\WINDOWS\WinSxS\amd64_microsoft.windows.common-controls_6595b64144ccf1df_6.0.14393.447_none_42191651c6827bb3\COMCTL32.dll
0x00007ffd6b8e0000 - 0x00007ffd6bba8000 	C:\WINDOWS\System32\combase.dll
0x00007ffd6a780000 - 0x00007ffd6a875000 	C:\WINDOWS\System32\ucrtbase.dll
0x00007ffd6ac90000 - 0x00007ffd6acfa000 	C:\WINDOWS\System32\bcryptPrimitives.dll
0x00007ffd6e260000 - 0x00007ffd6e28e000 	C:\WINDOWS\System32\IMM32.DLL
0x0000000061ab0000 - 0x0000000061b82000 	C:\Program Files\Java\jre1.8.0_101\bin\msvcr100.dll
0x0000000060450000 - 0x0000000060cea000 	C:\Program Files\Java\jre1.8.0_101\bin\server\jvm.dll
0x00007ffd6c5f0000 - 0x00007ffd6c5f8000 	C:\WINDOWS\System32\PSAPI.DLL
0x00007ffd68640000 - 0x00007ffd68663000 	C:\WINDOWS\SYSTEM32\WINMM.dll
0x00007ffd631a0000 - 0x00007ffd631aa000 	C:\WINDOWS\SYSTEM32\VERSION.dll
0x00007ffd58780000 - 0x00007ffd58789000 	C:\WINDOWS\SYSTEM32\WSOCK32.dll
0x00007ffd6dbc0000 - 0x00007ffd6dc2a000 	C:\WINDOWS\System32\ws2_32.DLL
0x00007ffd685e0000 - 0x00007ffd6860b000 	C:\WINDOWS\SYSTEM32\WINMMBASE.dll
0x00007ffd6afe0000 - 0x00007ffd6b022000 	C:\WINDOWS\System32\cfgmgr32.dll
0x0000000060440000 - 0x000000006044f000 	C:\Program Files\Java\jre1.8.0_101\bin\verify.dll
0x0000000060410000 - 0x0000000060439000 	C:\Program Files\Java\jre1.8.0_101\bin\java.dll
0x00000000603f0000 - 0x0000000060406000 	C:\Program Files\Java\jre1.8.0_101\bin\zip.dll
0x00007ffd6c600000 - 0x00007ffd6db09000 	C:\WINDOWS\System32\SHELL32.dll
0x00007ffd6b0e0000 - 0x00007ffd6b7ba000 	C:\WINDOWS\System32\windows.storage.dll
0x00007ffd6a710000 - 0x00007ffd6a75c000 	C:\WINDOWS\System32\powrprof.dll
0x00007ffd6deb0000 - 0x00007ffd6df02000 	C:\WINDOWS\System32\shlwapi.dll
0x00007ffd6a770000 - 0x00007ffd6a77f000 	C:\WINDOWS\System32\kernel.appcore.dll
0x00007ffd6af30000 - 0x00007ffd6afd9000 	C:\WINDOWS\System32\shcore.dll
0x00007ffd6a6f0000 - 0x00007ffd6a704000 	C:\WINDOWS\System32\profapi.dll
0x0000000065580000 - 0x0000000065610000 	C:\Users\troya\AppData\Local\Temp\libgdxtroya\5498721d\gdx64.dll
0x0000000180000000 - 0x0000000180050000 	C:\Users\troya\AppData\Local\Temp\libgdxtroya\4c88a7c1\lwjgl64.dll
0x00007ffd555f0000 - 0x00007ffd55713000 	C:\WINDOWS\SYSTEM32\OPENGL32.dll
0x00007ffd62be0000 - 0x00007ffd62c0d000 	C:\WINDOWS\SYSTEM32\GLU32.dll
0x00007ffd480e0000 - 0x00007ffd481d7000 	C:\WINDOWS\SYSTEM32\DDRAW.dll
0x00007ffd62a40000 - 0x00007ffd62a48000 	C:\WINDOWS\SYSTEM32\DCIMAN32.dll
0x00000000012a0000 - 0x0000000001304000 	C:\Users\troya\AppData\Local\Temp\libgdxtroya\4c88a7c1\OpenAL64.dll
0x00007ffd6c190000 - 0x00007ffd6c2c7000 	C:\WINDOWS\System32\ole32.dll
0x00007ffd68d80000 - 0x00007ffd68e15000 	C:\WINDOWS\system32\uxtheme.dll
0x00007ffd6df80000 - 0x00007ffd6e01f000 	C:\WINDOWS\System32\clbcatq.dll
0x00007ffd683c0000 - 0x00007ffd68545000 	C:\WINDOWS\System32\PROPSYS.dll
0x00007ffd6b820000 - 0x00007ffd6b8df000 	C:\WINDOWS\System32\OLEAUT32.dll
0x00007ffd6ad00000 - 0x00007ffd6ad9c000 	C:\WINDOWS\System32\msvcp_win.dll
0x00007ffd5eb30000 - 0x00007ffd5ebcb000 	C:\WINDOWS\SYSTEM32\dsound.dll
0x00007ffd62d00000 - 0x00007ffd62d71000 	C:\WINDOWS\System32\MMDevApi.dll
0x00007ffd69380000 - 0x00007ffd693a8000 	C:\WINDOWS\System32\DEVOBJ.dll
0x00007ffd5afe0000 - 0x00007ffd5b074000 	C:\WINDOWS\SYSTEM32\AUDIOSES.DLL
0x00007ffd674a0000 - 0x00007ffd675d6000 	C:\WINDOWS\SYSTEM32\wintypes.dll
0x00007ffd6c2d0000 - 0x00007ffd6c42b000 	C:\WINDOWS\System32\MSCTF.dll
0x00007ffd68390000 - 0x00007ffd683b6000 	C:\WINDOWS\system32\dwmapi.dll
0x00007ffd3e340000 - 0x00007ffd3ee86000 	C:\WINDOWS\SYSTEM32\ig75icd64.dll
0x00007ffd64550000 - 0x00007ffd64563000 	C:\WINDOWS\SYSTEM32\WTSAPI32.dll
0x00007ffd65ea0000 - 0x00007ffd668e0000 	C:\WINDOWS\SYSTEM32\igdusc64.dll
0x00007ffd62900000 - 0x00007ffd62991000 	C:\WINDOWS\SYSTEM32\mscms.dll
0x00007ffd69ea0000 - 0x00007ffd69ebf000 	C:\WINDOWS\SYSTEM32\USERENV.dll
0x00007ffd4d7b0000 - 0x00007ffd4d7f2000 	C:\WINDOWS\SYSTEM32\icm32.dll
0x00007ffd59120000 - 0x00007ffd592b2000 	C:\WINDOWS\SYSTEM32\dbghelp.dll

VM Arguments:
jvm_args: -Dfile.encoding=Cp1252 
java_command: com.yeste.juegoLluvia.Main
java_class_path (initial): C:\Users\troya\Documents\LibGDX\JuegoLluvia\JuegoLluvia-desktop\bin;C:\Users\troya\Documents\LibGDX\JuegoLluvia\JuegoLluvia\bin;C:\Users\troya\Documents\LibGDX\JuegoLluvia\JuegoLluvia\libs\gdx.jar;C:\Users\troya\Documents\LibGDX\JuegoLluvia\JuegoLluvia-desktop\libs\gdx-backend-lwjgl.jar;C:\Users\troya\Documents\LibGDX\JuegoLluvia\JuegoLluvia-desktop\libs\gdx-backend-lwjgl-natives.jar;C:\Users\troya\Documents\LibGDX\JuegoLluvia\JuegoLluvia-desktop\libs\gdx-natives.jar
Launcher Type: SUN_STANDARD

Environment Variables:
USERNAME=troya
OS=Windows_NT
PROCESSOR_IDENTIFIER=Intel64 Family 6 Model 69 Stepping 1, GenuineIntel



---------------  S Y S T E M  ---------------

OS: Windows 10.0 , 64 bit Build 14393 (10.0.14393.0)

CPU:total 4 (2 cores per cpu, 2 threads per core) family 6 model 69 stepping 1, cmov, cx8, fxsr, mmx, sse, sse2, sse3, ssse3, sse4.1, sse4.2, popcnt, avx, avx2, aes, clmul, erms, lzcnt, ht, tsc, tscinvbit, bmi1, bmi2

Memory: 4k page, physical 4083992k(903024k free), swap 8179992k(2123388k free)

vm_info: Java HotSpot(TM) 64-Bit Server VM (25.101-b13) for windows-amd64 JRE (1.8.0_101-b13), built on Jun 22 2016 01:21:29 by "java_re" with MS VC++ 10.0 (VS2010)

time: Sat Feb 11 17:32:51 2017
elapsed time: 11 seconds (0d 0h 0m 11s)

